<?xml version="1.0" encoding="UTF-8"?>
<testng-results ignored="0" total="1" passed="1" failed="0" skipped="0">
  <reporter-output>
  </reporter-output>
  <suite started-at="2022-03-21T09:33:57 EET" name="Default suite" finished-at="2022-03-21T09:34:18 EET" duration-ms="21196">
    <groups>
    </groups>
    <test started-at="2022-03-21T09:33:57 EET" name="Default test" finished-at="2022-03-21T09:34:18 EET" duration-ms="21196">
      <class name="test.test.SearchTest">
        <test-method is-config="true" signature="openBrowser()[pri:0, instance:test.test.SearchTest@3ad83a66]" started-at="2022-03-21T09:33:49 EET" name="openBrowser" finished-at="2022-03-21T09:33:57 EET" duration-ms="7111" status="PASS">
          <reporter-output>
          </reporter-output>
        </test-method> <!-- openBrowser -->
        <test-method is-config="true" signature="eee()[pri:0, instance:test.test.SearchTest@3ad83a66]" started-at="2022-03-21T09:33:57 EET" name="eee" finished-at="2022-03-21T09:34:00 EET" duration-ms="3748" status="PASS">
          <reporter-output>
          </reporter-output>
        </test-method> <!-- eee -->
        <test-method signature="search()[pri:0, instance:test.test.SearchTest@3ad83a66]" started-at="2022-03-21T09:34:00 EET" name="search" finished-at="2022-03-21T09:34:18 EET" duration-ms="17413" status="PASS">
          <reporter-output>
          </reporter-output>
        </test-method> <!-- search -->
        <test-method is-config="true" signature="screenshotOnFailure(org.testng.ITestResult)[pri:0, instance:test.test.SearchTest@3ad83a66]" started-at="2022-03-21T09:34:18 EET" name="screenshotOnFailure" finished-at="2022-03-21T09:34:18 EET" duration-ms="3" status="PASS">
          <params>
            <param index="0">
              <value>
                <![CDATA[[TestResult name=search status=SUCCESS method=SearchTest.search()[pri:0, instance:test.test.SearchTest@3ad83a66] output={null}]]]>
              </value>
            </param>
          </params>
          <reporter-output>
          </reporter-output>
        </test-method> <!-- screenshotOnFailure -->
        <test-method is-config="true" signature="quitBrowser()[pri:0, instance:test.test.SearchTest@3ad83a66]" started-at="2022-03-21T09:34:18 EET" name="quitBrowser" finished-at="2022-03-21T09:34:19 EET" duration-ms="911" status="PASS">
          <reporter-output>
          </reporter-output>
        </test-method> <!-- quitBrowser -->
      </class> <!-- test.test.SearchTest -->
    </test> <!-- Default test -->
  </suite> <!-- Default suite -->
</testng-results>
