<?xml version="1.0" encoding="UTF-8"?>
<testng-results ignored="0" total="1" passed="1" failed="0" skipped="0">
  <reporter-output>
  </reporter-output>
  <suite started-at="2022-03-21T11:54:52 EET" name="Default suite" finished-at="2022-03-21T11:55:12 EET" duration-ms="19963">
    <groups>
    </groups>
    <test started-at="2022-03-21T11:54:52 EET" name="Default test" finished-at="2022-03-21T11:55:12 EET" duration-ms="19963">
      <class name="test.test.SearchTest">
        <test-method is-config="true" signature="openBrowser()[pri:0, instance:test.test.SearchTest@2de56eb2]" started-at="2022-03-21T11:54:40 EET" name="openBrowser" finished-at="2022-03-21T11:54:52 EET" duration-ms="11877" status="PASS">
          <reporter-output>
          </reporter-output>
        </test-method> <!-- openBrowser -->
        <test-method signature="search()[pri:0, instance:test.test.SearchTest@2de56eb2]" started-at="2022-03-21T11:54:52 EET" name="search" finished-at="2022-03-21T11:55:12 EET" duration-ms="19883" status="PASS">
          <reporter-output>
          </reporter-output>
        </test-method> <!-- search -->
        <test-method is-config="true" signature="screenshotOnFailure(org.testng.ITestResult)[pri:0, instance:test.test.SearchTest@2de56eb2]" started-at="2022-03-21T11:55:12 EET" name="screenshotOnFailure" finished-at="2022-03-21T11:55:12 EET" duration-ms="5" status="PASS">
          <params>
            <param index="0">
              <value>
                <![CDATA[[TestResult name=search status=SUCCESS method=SearchTest.search()[pri:0, instance:test.test.SearchTest@2de56eb2] output={null}]]]>
              </value>
            </param>
          </params>
          <reporter-output>
          </reporter-output>
        </test-method> <!-- screenshotOnFailure -->
        <test-method is-config="true" signature="quitBrowser()[pri:0, instance:test.test.SearchTest@2de56eb2]" started-at="2022-03-21T11:55:12 EET" name="quitBrowser" finished-at="2022-03-21T11:55:13 EET" duration-ms="697" status="PASS">
          <reporter-output>
          </reporter-output>
        </test-method> <!-- quitBrowser -->
      </class> <!-- test.test.SearchTest -->
    </test> <!-- Default test -->
  </suite> <!-- Default suite -->
</testng-results>
